# Logfile created on 2014-04-05 13:29:24 -0700 by logger.rb/44203
I, [2014-04-05T13:29:24.684121 #1631]  INFO -- : 0:  i18n (0.6.9) from /Users/melissahuang10/.rvm/gems/ruby-2.1.0/specifications/i18n-0.6.9.gemspec
I, [2014-04-05T13:29:25.579166 #1631]  INFO -- : 0:  multi_json (1.9.2) from /Users/melissahuang10/.rvm/gems/ruby-2.1.0/specifications/multi_json-1.9.2.gemspec
I, [2014-04-05T13:29:26.632186 #1631]  INFO -- : 0:  activesupport (3.2.17) from /Users/melissahuang10/.rvm/gems/ruby-2.1.0/specifications/activesupport-3.2.17.gemspec
I, [2014-04-05T13:29:27.105729 #1631]  INFO -- : 0:  claide (0.5.0) from /Users/melissahuang10/.rvm/gems/ruby-2.1.0/specifications/claide-0.5.0.gemspec
I, [2014-04-05T13:29:27.825824 #1631]  INFO -- : 0:  fuzzy_match (2.0.4) from /Users/melissahuang10/.rvm/gems/ruby-2.1.0/specifications/fuzzy_match-2.0.4.gemspec
I, [2014-04-05T13:29:28.532386 #1631]  INFO -- : 0:  json_pure (1.8.1) from /Users/melissahuang10/.rvm/gems/ruby-2.1.0/specifications/json_pure-1.8.1.gemspec
I, [2014-04-05T13:29:29.073194 #1631]  INFO -- : 0:  nap (0.7.0) from /Users/melissahuang10/.rvm/gems/ruby-2.1.0/specifications/nap-0.7.0.gemspec
I, [2014-04-05T13:29:29.714241 #1631]  INFO -- : 0:  cocoapods-core (0.31.1) from /Users/melissahuang10/.rvm/gems/ruby-2.1.0/specifications/cocoapods-core-0.31.1.gemspec
I, [2014-04-05T13:29:30.216036 #1631]  INFO -- : 0:  cocoapods-downloader (0.4.1) from /Users/melissahuang10/.rvm/gems/ruby-2.1.0/specifications/cocoapods-downloader-0.4.1.gemspec
I, [2014-04-05T13:29:30.569452 #1631]  INFO -- : 0:  cocoapods-try (0.2.0) from /Users/melissahuang10/.rvm/gems/ruby-2.1.0/specifications/cocoapods-try-0.2.0.gemspec
I, [2014-04-05T13:29:30.570009 #1631]  INFO -- : 0:  colored (1.2) from /Users/melissahuang10/.rvm/gems/ruby-2.1.0/specifications/colored-1.2.gemspec
I, [2014-04-05T13:29:31.129439 #1631]  INFO -- : 0:  escape (0.0.4) from /Users/melissahuang10/.rvm/gems/ruby-2.1.0/specifications/escape-0.0.4.gemspec
I, [2014-04-05T13:29:31.645586 #1631]  INFO -- : 0:  open4 (1.3.3) from /Users/melissahuang10/.rvm/gems/ruby-2.1.0/specifications/open4-1.3.3.gemspec
I, [2014-04-05T13:29:37.429616 #1631]  INFO -- : 0:  xcodeproj (0.16.0) from /Users/melissahuang10/.rvm/gems/ruby-2.1.0/specifications/xcodeproj-0.16.0.gemspec
I, [2014-04-05T13:29:38.051361 #1631]  INFO -- : 0:  cocoapods (0.31.1) from /Users/melissahuang10/.rvm/gems/ruby-2.1.0/specifications/cocoapods-0.31.1.gemspec
I, [2014-04-05T13:29:38.052196 #1631]  INFO -- : 0:  bundler (1.5.1) from /Users/melissahuang10/.rvm/gems/ruby-2.1.0@global/specifications/bundler-1.5.1.gemspec
I, [2014-04-05T13:31:16.103404 #1762]  INFO -- : 0:  i18n (0.6.9) from /Users/melissahuang10/.rvm/gems/ruby-2.1.0/specifications/i18n-0.6.9.gemspec
I, [2014-04-05T13:31:16.104130 #1762]  INFO -- : 0:  multi_json (1.9.2) from /Users/melissahuang10/.rvm/gems/ruby-2.1.0/specifications/multi_json-1.9.2.gemspec
I, [2014-04-05T13:31:16.104622 #1762]  INFO -- : 0:  activesupport (3.2.17) from /Users/melissahuang10/.rvm/gems/ruby-2.1.0/specifications/activesupport-3.2.17.gemspec
I, [2014-04-05T13:31:16.105100 #1762]  INFO -- : 0:  claide (0.5.0) from /Users/melissahuang10/.rvm/gems/ruby-2.1.0/specifications/claide-0.5.0.gemspec
I, [2014-04-05T13:31:16.105560 #1762]  INFO -- : 0:  fuzzy_match (2.0.4) from /Users/melissahuang10/.rvm/gems/ruby-2.1.0/specifications/fuzzy_match-2.0.4.gemspec
I, [2014-04-05T13:31:16.105985 #1762]  INFO -- : 0:  json_pure (1.8.1) from /Users/melissahuang10/.rvm/gems/ruby-2.1.0/specifications/json_pure-1.8.1.gemspec
I, [2014-04-05T13:31:16.106446 #1762]  INFO -- : 0:  nap (0.7.0) from /Users/melissahuang10/.rvm/gems/ruby-2.1.0/specifications/nap-0.7.0.gemspec
I, [2014-04-05T13:31:16.106900 #1762]  INFO -- : 0:  cocoapods-core (0.31.1) from /Users/melissahuang10/.rvm/gems/ruby-2.1.0/specifications/cocoapods-core-0.31.1.gemspec
I, [2014-04-05T13:31:16.107342 #1762]  INFO -- : 0:  cocoapods-downloader (0.4.1) from /Users/melissahuang10/.rvm/gems/ruby-2.1.0/specifications/cocoapods-downloader-0.4.1.gemspec
I, [2014-04-05T13:31:16.107785 #1762]  INFO -- : 0:  cocoapods-try (0.2.0) from /Users/melissahuang10/.rvm/gems/ruby-2.1.0/specifications/cocoapods-try-0.2.0.gemspec
I, [2014-04-05T13:31:16.108271 #1762]  INFO -- : 0:  colored (1.2) from /Users/melissahuang10/.rvm/gems/ruby-2.1.0/specifications/colored-1.2.gemspec
I, [2014-04-05T13:31:16.108653 #1762]  INFO -- : 0:  escape (0.0.4) from /Users/melissahuang10/.rvm/gems/ruby-2.1.0/specifications/escape-0.0.4.gemspec
I, [2014-04-05T13:31:16.109053 #1762]  INFO -- : 0:  open4 (1.3.3) from /Users/melissahuang10/.rvm/gems/ruby-2.1.0/specifications/open4-1.3.3.gemspec
I, [2014-04-05T13:31:16.109455 #1762]  INFO -- : 0:  xcodeproj (0.16.0) from /Users/melissahuang10/.rvm/gems/ruby-2.1.0/specifications/xcodeproj-0.16.0.gemspec
I, [2014-04-05T13:31:16.109861 #1762]  INFO -- : 0:  cocoapods (0.31.1) from /Users/melissahuang10/.rvm/gems/ruby-2.1.0/specifications/cocoapods-0.31.1.gemspec
I, [2014-04-05T13:31:16.110263 #1762]  INFO -- : 0:  bundler (1.5.1) from /Users/melissahuang10/.rvm/gems/ruby-2.1.0@global/specifications/bundler-1.5.1.gemspec
